<?xml version="1.0" encoding="UTF-8"?>
<!-- Generated by org.testng.reporters.JUnitXMLReporter -->
<testsuite hostname="sks-PC" ignored="9" name="Default test" tests="1" failures="0" timestamp="2020-12-14T14:49:44 IST" time="16.965" errors="0">
  <testcase name="ValidateTitle" time="0.016" classname="Com.Wipro.money.Script.TestScript"/>
  <testcase name="ValidateName" time="0.0" classname="Com.Wipro.money.Script.TestScript">
    <ignored/>
  </testcase> <!-- ValidateName -->
  <testcase name="ValidateCreatenew" time="0.0" classname="Com.Wipro.money.Script.TestScript">
    <ignored/>
  </testcase> <!-- ValidateCreatenew -->
  <testcase name="ValidateCreateAccount" time="0.0" classname="Com.Wipro.money.Script.TestScript">
    <ignored/>
  </testcase> <!-- ValidateCreateAccount -->
  <testcase name="Validatesurname" time="0.0" classname="Com.Wipro.money.Script.TestScript">
    <ignored/>
  </testcase> <!-- Validatesurname -->
  <testcase name="ValidateDrop_Month" time="0.0" classname="Com.Wipro.money.Script.TestScript">
    <ignored/>
  </testcase> <!-- ValidateDrop_Month -->
  <testcase name="ValidateUrl" time="0.0" classname="Com.Wipro.money.Script.TestScript">
    <ignored/>
  </testcase> <!-- ValidateUrl -->
  <testcase name="validateradio" time="0.0" classname="Com.Wipro.money.Script.TestScript">
    <ignored/>
  </testcase> <!-- validateradio -->
  <testcase name="ValidateDrop_Year" time="0.0" classname="Com.Wipro.money.Script.TestScript">
    <ignored/>
  </testcase> <!-- ValidateDrop_Year -->
  <testcase name="ValidateDrop_Date" time="0.0" classname="Com.Wipro.money.Script.TestScript">
    <ignored/>
  </testcase> <!-- ValidateDrop_Date -->
</testsuite> <!-- Default test -->
