<?xml version="1.0" encoding="UTF-8"?>
<!-- Generated by org.testng.reporters.JUnitXMLReporter -->
<testsuite hostname="sks-PC" ignored="0" name="Test" tests="10" failures="0" timestamp="2020-12-11T14:41:24 IST" time="20.851" errors="0">
  <testcase name="ValidateCreateAccount" time="0.057" classname="Com.Wipro.money.Script.TestScript"/>
  <testcase name="ValidateCreatenew" time="0.097" classname="Com.Wipro.money.Script.TestScript"/>
  <testcase name="ValidateDrop_Date" time="1.096" classname="Com.Wipro.money.Script.TestScript"/>
  <testcase name="ValidateDrop_Month" time="0.158" classname="Com.Wipro.money.Script.TestScript"/>
  <testcase name="ValidateDrop_Year" time="0.142" classname="Com.Wipro.money.Script.TestScript"/>
  <testcase name="ValidateName" time="0.142" classname="Com.Wipro.money.Script.TestScript"/>
  <testcase name="ValidateTitle" time="0.024" classname="Com.Wipro.money.Script.TestScript"/>
  <testcase name="ValidateUrl" time="0.017" classname="Com.Wipro.money.Script.TestScript"/>
  <testcase name="Validatesurname" time="0.127" classname="Com.Wipro.money.Script.TestScript"/>
  <testcase name="validateradio" time="0.05" classname="Com.Wipro.money.Script.TestScript"/>
</testsuite> <!-- Test -->
