<?xml version="1.0" encoding="UTF-8"?>
<!-- Generated by org.testng.reporters.JUnitXMLReporter -->
<testsuite hostname="sks-PC" ignored="0" name="Test" tests="10" failures="0" timestamp="2020-12-15T14:29:36 IST" time="45.949" errors="0">
  <testcase name="ValidateCreateAccount" time="0.269" classname="Com.Wipro.money.Script.TestScript"/>
  <testcase name="ValidateCreatenew" time="0.26" classname="Com.Wipro.money.Script.TestScript"/>
  <testcase name="ValidateDrop_Date" time="4.264" classname="Com.Wipro.money.Script.TestScript"/>
  <testcase name="ValidateDrop_Month" time="0.232" classname="Com.Wipro.money.Script.TestScript"/>
  <testcase name="ValidateDrop_Year" time="0.159" classname="Com.Wipro.money.Script.TestScript"/>
  <testcase name="ValidateName" time="3.091" classname="Com.Wipro.money.Script.TestScript"/>
  <testcase name="ValidateTitle" time="0.006" classname="Com.Wipro.money.Script.TestScript"/>
  <testcase name="ValidateUrl" time="0.005" classname="Com.Wipro.money.Script.TestScript"/>
  <testcase name="Validatesurname" time="0.141" classname="Com.Wipro.money.Script.TestScript"/>
  <testcase name="validateradio" time="0.116" classname="Com.Wipro.money.Script.TestScript"/>
</testsuite> <!-- Test -->
