<?xml version="1.0" encoding="UTF-8"?>
<testsuite xmlns:xsi="http://www.w3.org/2001/XMLSchema-instance" xsi:noNamespaceSchemaLocation="https://maven.apache.org/surefire/maven-surefire-plugin/xsd/surefire-test-report-3.0.xsd" version="3.0" name="TestSuite" time="48.199" tests="10" errors="0" skipped="0" failures="0">
  <properties>
[...]
</properties>
  <testcase name="ValidateCreateAccount" classname="Com.Wipro.money.Script.TestScript" time="0.251">
    <system-err><![CDATA[Starting ChromeDriver 86.0.4240.22 (398b0743353ff36fb1b82468f63a3a93b4e2e89e-refs/branch-heads/4240@{#378}) on port 27961
Only local connections are allowed.
Please see https://chromedriver.chromium.org/security-considerations for suggestions on keeping ChromeDriver safe.
ChromeDriver was started successfully.
[1608022745.132][WARNING]: This version of ChromeDriver has not been tested with Chrome version 87.
Dec 15, 2020 2:29:14 PM org.openqa.selenium.remote.ProtocolHandshake createSession
INFO: Detected dialect: W3C
]]></system-err>
  </testcase>
  <testcase name="ValidateCreatenew" classname="Com.Wipro.money.Script.TestScript" time="0.26"/>
  <testcase name="ValidateDrop_Date" classname="Com.Wipro.money.Script.TestScript" time="4.263"/>
  <testcase name="ValidateDrop_Month" classname="Com.Wipro.money.Script.TestScript" time="0.24"/>
  <testcase name="ValidateDrop_Year" classname="Com.Wipro.money.Script.TestScript" time="0.156"/>
  <testcase name="ValidateName" classname="Com.Wipro.money.Script.TestScript" time="3.094"/>
  <testcase name="ValidateTitle" classname="Com.Wipro.money.Script.TestScript" time="0.005"/>
  <testcase name="ValidateUrl" classname="Com.Wipro.money.Script.TestScript" time="0.006"/>
  <testcase name="Validatesurname" classname="Com.Wipro.money.Script.TestScript" time="0.144"/>
  <testcase name="validateradio" classname="Com.Wipro.money.Script.TestScript" time="0.114"/>
</testsuite>