<?xml version="1.0" encoding="UTF-8"?>
<testng-results skipped="0" failed="0" ignored="9" total="10" passed="1">
  <reporter-output>
  </reporter-output>
  <suite name="Default suite" duration-ms="16965" started-at="2020-12-14T14:49:27 IST" finished-at="2020-12-14T14:49:44 IST">
    <groups>
    </groups>
    <test name="Default test" duration-ms="16965" started-at="2020-12-14T14:49:27 IST" finished-at="2020-12-14T14:49:44 IST">
      <class name="Com.Wipro.money.Script.TestScript">
        <test-method status="PASS" signature="Setup()[pri:0, instance:Com.Wipro.money.Script.TestScript@5f282abb]" name="Setup" is-config="true" duration-ms="16241" started-at="2020-12-14T14:49:27 IST" finished-at="2020-12-14T14:49:43 IST">
          <reporter-output>
          </reporter-output>
        </test-method> <!-- Setup -->
        <test-method status="PASS" signature="ValidateTitle()[pri:0, instance:Com.Wipro.money.Script.TestScript@5f282abb]" name="ValidateTitle" duration-ms="16" started-at="2020-12-14T14:49:43 IST" finished-at="2020-12-14T14:49:43 IST">
          <reporter-output>
          </reporter-output>
        </test-method> <!-- ValidateTitle -->
        <test-method status="PASS" signature="Teardown()[pri:0, instance:Com.Wipro.money.Script.TestScript@5f282abb]" name="Teardown" is-config="true" duration-ms="672" started-at="2020-12-14T14:49:43 IST" finished-at="2020-12-14T14:49:44 IST">
          <reporter-output>
          </reporter-output>
        </test-method> <!-- Teardown -->
      </class> <!-- Com.Wipro.money.Script.TestScript -->
    </test> <!-- Default test -->
  </suite> <!-- Default suite -->
</testng-results>
